This is pdfTeX, Version 3.141592653-2.6-1.40.28 (TeX Live 2025) (preloaded format=pdflatex 2025.11.19)  24 NOV 2025 16:14
entering extended mode
 \write18 enabled.
 %&-line parsing enabled.
**/Users/bck/Working/kerswell_et_al_dynp/draft/supplementary-information.tex
(/Users/bck/Working/kerswell_et_al_dynp/draft/supplementary-information.tex
LaTeX2e <2025-11-01>
L3 programming layer <2025-11-06>
(/Users/bck/Working/kerswell_et_al_dynp/draft/agujournal2018.cls
Document Class: agujournal2018 08/23/2018
(/usr/local/texlive/2025basic/texmf-dist/tex/latex/graphics/graphicx.sty
Package: graphicx 2024/12/31 v1.2e Enhanced LaTeX Graphics (DPC,SPQR)

(/usr/local/texlive/2025basic/texmf-dist/tex/latex/graphics/keyval.sty
Package: keyval 2022/05/29 v1.15 key=value parser (DPC)
\KV@toks@=\toks17
)
(/usr/local/texlive/2025basic/texmf-dist/tex/latex/graphics/graphics.sty
Package: graphics 2024/08/06 v1.4g Standard LaTeX Graphics (DPC,SPQR)

(/usr/local/texlive/2025basic/texmf-dist/tex/latex/graphics/trig.sty
Package: trig 2023/12/02 v1.11 sin cos tan (DPC)
)
(/usr/local/texlive/2025basic/texmf-dist/tex/latex/graphics-cfg/graphics.cfg
File: graphics.cfg 2016/06/04 v1.11 sample graphics configuration
)
Package graphics Info: Driver file: pdftex.def on input line 106.

(/usr/local/texlive/2025basic/texmf-dist/tex/latex/graphics-def/pdftex.def
File: pdftex.def 2025/09/29 v1.2d Graphics/color driver for pdftex
))
\Gin@req@height=\dimen148
\Gin@req@width=\dimen149
)
(/usr/local/texlive/2025basic/texmf-dist/tex/latex/xcolor/xcolor.sty
Package: xcolor 2024/09/29 v3.02 LaTeX color extensions (UK)

(/usr/local/texlive/2025basic/texmf-dist/tex/latex/graphics-cfg/color.cfg
File: color.cfg 2016/01/02 v1.6 sample color configuration
)
Package xcolor Info: Driver file: pdftex.def on input line 274.

(/usr/local/texlive/2025basic/texmf-dist/tex/latex/graphics/mathcolor.ltx)
Package xcolor Info: Model `cmy' substituted by `cmy0' on input line 1349.
Package xcolor Info: Model `hsb' substituted by `rgb' on input line 1353.
Package xcolor Info: Model `RGB' extended on input line 1365.
Package xcolor Info: Model `HTML' substituted by `rgb' on input line 1367.
Package xcolor Info: Model `Hsb' substituted by `hsb' on input line 1368.
Package xcolor Info: Model `tHsb' substituted by `hsb' on input line 1369.
Package xcolor Info: Model `HSB' substituted by `hsb' on input line 1370.
Package xcolor Info: Model `Gray' substituted by `gray' on input line 1371.
Package xcolor Info: Model `wave' substituted by `hsb' on input line 1372.
)
(/usr/local/texlive/2025basic/texmf-dist/tex/latex/url/url.sty
\Urlmuskip=\muskip17
Package: url 2013/09/16  ver 3.4  Verb mode for urls, etc.
)
(/Users/bck/Working/kerswell_et_al_dynp/draft/trackchanges.sty
Package: trackchanges 2009/04/22 v0.7.0 TrackChanges file 

(/usr/local/texlive/2025basic/texmf-dist/tex/latex/base/ifthen.sty
Package: ifthen 2024/03/16 v1.1e Standard LaTeX ifthen package (DPC)
)
(/usr/local/texlive/2025basic/texmf-dist/tex/latex/tools/calc.sty
Package: calc 2025/03/01 v4.3b Infix arithmetic (KKT,FJ)
\calc@Acount=\count275
\calc@Bcount=\count276
\calc@Adimen=\dimen150
\calc@Bdimen=\dimen151
\calc@Askip=\skip49
\calc@Bskip=\skip50
LaTeX Info: Redefining \setlength on input line 86.
LaTeX Info: Redefining \addtolength on input line 87.
\calc@Ccount=\count277
\calc@Cskip=\skip51
)
(/usr/local/texlive/2025basic/texmf-dist/tex/generic/soul/soul.sty
Package: soul 2023-06-14 v3.1 Permit use of UTF-8 characters in soul (HO)

(/usr/local/texlive/2025basic/texmf-dist/tex/generic/soul/soul-ori.sty
Package: soul-ori 2023-06-14 v3.1 letterspacing/underlining (mf)
\SOUL@word=\toks18
\SOUL@lasttoken=\toks19
\SOUL@syllable=\toks20
\SOUL@cmds=\toks21
\SOUL@buffer=\toks22
\SOUL@token=\toks23
\SOUL@syllgoal=\dimen152
\SOUL@syllwidth=\dimen153
\SOUL@charkern=\dimen154
\SOUL@hyphkern=\dimen155
\SOUL@dimen=\dimen156
\SOUL@dimeni=\dimen157
\SOUL@minus=\count278
\SOUL@comma=\count279
\SOUL@apo=\count280
\SOUL@grave=\count281
\SOUL@spaceskip=\skip52
\SOUL@ttwidth=\dimen158
\SOUL@uldp=\dimen159
\SOUL@ulht=\dimen160
)
(/usr/local/texlive/2025basic/texmf-dist/tex/generic/infwarerr/infwarerr.sty
Package: infwarerr 2019/12/03 v1.5 Providing info/warning/error messages (HO)
)
(/usr/local/texlive/2025basic/texmf-dist/tex/generic/etexcmds/etexcmds.sty
Package: etexcmds 2019/12/15 v1.7 Avoid name clashes with e-TeX commands (HO)

(/usr/local/texlive/2025basic/texmf-dist/tex/generic/iftex/iftex.sty
Package: iftex 2024/12/12 v1.0g TeX engine tests
)))
(/usr/local/texlive/2025basic/texmf-dist/tex/latex/morefloats/morefloats.sty
Package: morefloats 2025/01/28 v1.1a Raise limit of unprocessed floats (HMM)

(/usr/local/texlive/2025basic/texmf-dist/tex/latex/kvoptions/kvoptions.sty
Package: kvoptions 2022-06-15 v3.15 Key value format for package options (HO)

(/usr/local/texlive/2025basic/texmf-dist/tex/generic/ltxcmds/ltxcmds.sty
Package: ltxcmds 2023-12-04 v1.26 LaTeX kernel commands for general use (HO)
)
(/usr/local/texlive/2025basic/texmf-dist/tex/latex/kvsetkeys/kvsetkeys.sty
Package: kvsetkeys 2022-10-05 v1.19 Key value parser (HO)
))
Package morefloats Info: Maximum number of possible floats asked for: 36
(morefloats)             (i.e. 18 more floats).
(morefloats)             LaTeX might run out of memory before this
(morefloats)             (in which case it will notify you).
)
\c@userid=\count282
\c@changenumber=\count283
\c@storefootnote=\count284
\c@numeditors=\count285
\c@maxeditors=\count286
)
(/usr/local/texlive/2025basic/texmf-dist/tex/latex/lineno/lineno.sty
Package: lineno 2025/05/13 line numbers on paragraphs v5.5

(/usr/local/texlive/2025basic/texmf-dist/tex/latex/etoolbox/etoolbox.sty
Package: etoolbox 2025/10/02 v2.5m e-TeX tools for LaTeX (JAW)
\etb@tempcnta=\count287
)
\linenopenalty=\count288
\output=\toks24
\linenoprevgraf=\count289
\linenumbersep=\dimen161
\linenumberwidth=\dimen162
\c@linenumber=\count290
\c@pagewiselinenumber=\count291
\c@LN@truepage=\count292
\c@internallinenumber=\count293
\c@internallinenumbers=\count294
\quotelinenumbersep=\dimen163
\bframerule=\dimen164
\bframesep=\dimen165
\bframebox=\box53
)
(/usr/local/texlive/2025basic/texmf-dist/tex/latex/tools/indentfirst.sty
Package: indentfirst 2023/07/02 v1.03 Indent first paragraph (DPC)
)
(/usr/local/texlive/2025basic/texmf-dist/tex/latex/ragged2e/ragged2e.sty
Package: ragged2e 2023/06/22 v3.6 ragged2e Package
\CenteringLeftskip=\skip53
\RaggedLeftLeftskip=\skip54
\RaggedRightLeftskip=\skip55
\CenteringRightskip=\skip56
\RaggedLeftRightskip=\skip57
\RaggedRightRightskip=\skip58
\CenteringParfillskip=\skip59
\RaggedLeftParfillskip=\skip60
\RaggedRightParfillskip=\skip61
\JustifyingParfillskip=\skip62
\CenteringParindent=\skip63
\RaggedLeftParindent=\skip64
\RaggedRightParindent=\skip65
\JustifyingParindent=\skip66
)
(/usr/local/texlive/2025basic/texmf-dist/tex/latex/graphics/rotating.sty
Package: rotating 2025/01/14 v2.16e rotated objects in LaTeX
\c@r@tfl@t=\count295
\rotFPtop=\skip67
\rotFPbot=\skip68
\rot@float@box=\box54
\rot@mess@toks=\toks25
)
(/usr/local/texlive/2025basic/texmf-dist/tex/generic/ulem/ulem.sty
\UL@box=\box55
\UL@hyphenbox=\box56
\UL@skip=\skip69
\UL@hook=\toks26
\UL@height=\dimen166
\UL@pe=\count296
\UL@pixel=\dimen167
\ULC@box=\box57
Package: ulem 2019/11/18
\ULdepth=\dimen168
)
\draftskip=\count297
\c@section=\count298
\c@subsection=\count299
\c@subsubsection=\count300
\c@paragraph=\count301
\c@subparagraph=\count302
\c@figure=\count303
\c@table=\count304
\abovecaptionskip=\skip70
\belowcaptionskip=\skip71
\c@appendnum=\count305
\bibindent=\dimen169

(/usr/local/texlive/2025basic/texmf-dist/tex/latex/apacite/apacite.sty
Package: apacite 2013/07/21 v6.03 APA citation
\c@BibCnt=\count306
\bibleftmargin=\skip72
\bibindent=\skip73
\bibparsep=\skip74
\bibitemsep=\skip75
\biblabelsep=\skip76
)
(/usr/local/texlive/2025basic/texmf-dist/tex/latex/natbib/natbib.sty
Package: natbib 2010/09/13 8.31b (PWD, AO)
\bibhang=\skip77
\bibsep=\skip78
LaTeX Info: Redefining \cite on input line 694.
\c@NAT@ctr=\count307
)
LaTeX Info: Redefining \BBA on input line 1150.
)
(/usr/local/texlive/2025basic/texmf-dist/tex/latex/tools/longtable.sty
Package: longtable 2025-10-13 v4.24 Multi-page Table package (DPC)
\LTleft=\skip79
\LTright=\skip80
\LTpre=\skip81
\LTpost=\skip82
\LTchunksize=\count308
\LTcapwidth=\dimen170
\LT@head=\box58
\LT@firsthead=\box59
\LT@foot=\box60
\LT@lastfoot=\box61
\LT@gbox=\box62
\LT@cols=\count309
\LT@rows=\count310
\c@LT@tables=\count311
\c@LT@chunks=\count312
\LT@p@ftn=\toks27
)
(/usr/local/texlive/2025basic/texmf-dist/tex/latex/booktabs/booktabs.sty
Package: booktabs 2020/01/12 v1.61803398 Publication quality tables
\heavyrulewidth=\dimen171
\lightrulewidth=\dimen172
\cmidrulewidth=\dimen173
\belowrulesep=\dimen174
\belowbottomsep=\dimen175
\aboverulesep=\dimen176
\abovetopsep=\dimen177
\cmidrulesep=\dimen178
\cmidrulekern=\dimen179
\defaultaddspace=\dimen180
\@cmidla=\count313
\@cmidlb=\count314
\@aboverulesep=\dimen181
\@belowrulesep=\dimen182
\@thisruleclass=\count315
\@lastruleclass=\count316
\@thisrulewidth=\dimen183
)
(/usr/local/texlive/2025basic/texmf-dist/tex/latex/tools/array.sty
Package: array 2025/09/25 v2.6n Tabular extension package (FMi)
\col@sep=\dimen184
\ar@mcellbox=\box63
\extrarowheight=\dimen185
\NC@list=\toks28
\extratabsurround=\skip83
\backup@length=\skip84
\ar@cellbox=\box64
)
(/usr/local/texlive/2025basic/texmf-dist/tex/latex/footnotehyper/footnotehyper.
sty
Package: footnotehyper 2025/11/15 v1.1f hyperref aware footnote.sty (JFB)
\FNH@notes=\box65
\FNH@width=\dimen186
\FNH@toks=\toks29
) (/usr/local/texlive/2025basic/texmf-dist/tex/latex/caption/subcaption.sty
Package: subcaption 2023/07/28 v1.6b Sub-captions (AR)

(/usr/local/texlive/2025basic/texmf-dist/tex/latex/caption/caption.sty
Package: caption 2023/08/05 v3.6o Customizing captions (AR)

(/usr/local/texlive/2025basic/texmf-dist/tex/latex/caption/caption3.sty
Package: caption3 2023/07/31 v2.4d caption3 kernel (AR)
\caption@tempdima=\dimen187
\captionmargin=\dimen188
\caption@leftmargin=\dimen189
\caption@rightmargin=\dimen190
\caption@width=\dimen191
\caption@indent=\dimen192
\caption@parindent=\dimen193
\caption@hangindent=\dimen194
Package caption Info: Unknown document class (or package),
(caption)             standard defaults will be used.
Package caption Info: \@makecaption = \long macro:#1#2->{\small \ifx \@captype 
\xfigure \vskip \abovecaptionskip \fi {\ifturnofflinenums \else \ifnumlines \in
ternallinenumbers \fi \fi \sbox \@tempboxa {\bf #1.\quad \rm #2}\ifdim \wd \@te
mpboxa >.9\hsize \bf #1.\quad \rm \relax #2\par \else {\centering \bf #1.\rm \q
uad #2 \vskip 1sp} \fi } \ifx \@captype \xfigure \else \vskip \belowcaptionskip
 \fi } on input line 1175.
)

Package caption Warning: Unknown document class (or package),
(caption)                standard defaults will be used.
See the caption package documentation for explanation.

\c@caption@flags=\count317
\c@continuedfloat=\count318
Package caption Info: longtable package is loaded.
(/usr/local/texlive/2025basic/texmf-dist/tex/latex/caption/ltcaption.sty
Package: ltcaption 2021/01/08 v1.4c longtable captions (AR)
)
Package caption Info: rotating package is loaded.
)
Package caption Info: New subtype `subfigure' on input line 238.
\c@subfigure=\count319
Package caption Info: New subtype `subtable' on input line 238.
\c@subtable=\count320
)
\c@pandoccrossref@subfigures@footnote@counter=\count321

(/usr/local/texlive/2025basic/texmf-dist/tex/latex/float/float.sty
Package: float 2001/11/08 v1.3d Float enhancements (AL)
\c@float@type=\count322
\float@exts=\toks30
\float@box=\box66
\@float@everytoks=\toks31
\@floatcapt=\box67
)
\@float@every@codelisting=\toks32
\c@codelisting=\count323

(/usr/local/texlive/2025basic/texmf-dist/tex/latex/l3backend/l3backend-pdftex.d
ef
File: l3backend-pdftex.def 2025-10-09 L3 backend support: PDF output (pdfTeX)
\l__color_backend_stack_int=\count324
) (/Users/bck/Working/kerswell_et_al_dynp/draft/supplementary-information.aux)
\openout1 = `supplementary-information.aux'.

LaTeX Font Info:    Checking defaults for OML/cmm/m/it on input line 120.
LaTeX Font Info:    ... okay on input line 120.
LaTeX Font Info:    Checking defaults for OMS/cmsy/m/n on input line 120.
LaTeX Font Info:    ... okay on input line 120.
LaTeX Font Info:    Checking defaults for OT1/cmr/m/n on input line 120.
LaTeX Font Info:    ... okay on input line 120.
LaTeX Font Info:    Checking defaults for T1/cmr/m/n on input line 120.
LaTeX Font Info:    ... okay on input line 120.
LaTeX Font Info:    Checking defaults for TS1/cmr/m/n on input line 120.
LaTeX Font Info:    ... okay on input line 120.
LaTeX Font Info:    Checking defaults for OMX/cmex/m/n on input line 120.
LaTeX Font Info:    ... okay on input line 120.
LaTeX Font Info:    Checking defaults for U/cmr/m/n on input line 120.
LaTeX Font Info:    ... okay on input line 120.
 (/usr/local/texlive/2025basic/texmf-dist/tex/context/base/mkii/supp-pdf.mkii
[Loading MPS to PDF converter (version 2006.09.02).]
\scratchcounter=\count325
\scratchdimen=\dimen195
\scratchbox=\box68
\nofMPsegments=\count326
\nofMParguments=\count327
\everyMPshowfont=\toks33
\MPscratchCnt=\count328
\MPscratchDim=\dimen196
\MPnumerator=\count329
\makeMPintoPDFobject=\count330
\everyMPtoPDFconversion=\toks34
)
(/usr/local/texlive/2025basic/texmf-dist/tex/latex/epstopdf-pkg/epstopdf-base.s
ty
Package: epstopdf-base 2020-01-24 v2.11 Base part for package epstopdf
Package epstopdf-base Info: Redefining graphics rule for `.eps' on input line 4
85.

(/usr/local/texlive/2025basic/texmf-dist/tex/latex/latexconfig/epstopdf-sys.cfg
File: epstopdf-sys.cfg 2010/07/13 v1.3 Configuration of (r)epstopdf for TeX Liv
e
))

Package trackchanges Warning: TrackChanges is not compatable with the 
(trackchanges)                'ulem' package.
(trackchanges)                Use the 'soul' package instead.

\c@maskedRefs=\count331
(/usr/local/texlive/2025basic/texmf-dist/tex/latex/apacite/english.apc
File: english.apc 2013/07/21 v6.03 apacite language file
LaTeX Info: Redefining \BPBI on input line 129.
LaTeX Info: Redefining \BHBI on input line 130.
)
Package caption Info: Begin \AtBeginDocument code.
Package caption Info: float package is loaded.
Package caption Info: End \AtBeginDocument code.


! LaTeX Error: Command \listfigurename undefined.

See the LaTeX manual or LaTeX Companion for explanation.
Type  H <return>  for immediate help.
 ...                                              
                                                  
l.120 \begin{document}
                      
Try typing  <return>  to proceed.
If that doesn't work, type  X <return>  to quit.


! LaTeX Error: Command \listtablename undefined.

See the LaTeX manual or LaTeX Companion for explanation.
Type  H <return>  for immediate help.
 ...                                              
                                                  
l.120 \begin{document}
                      
Try typing  <return>  to proceed.
If that doesn't work, type  X <return>  to quit.

LaTeX Font Info:    External font `cmex10' loaded for size
(Font)              <7> on input line 166.
LaTeX Font Info:    External font `cmex10' loaded for size
(Font)              <5> on input line 166.
LaTeX Font Info:    External font `cmex10' loaded for size
(Font)              <8> on input line 175.
LaTeX Font Info:    External font `cmex10' loaded for size
(Font)              <6> on input line 175.
[1{/usr/local/texlive/2025basic/texmf-var/fonts/map/pdftex/updmap/pdftex.map}]

LaTeX Font Warning: Font shape `OT1/cmr/m/n' in size <10.5> not available
(Font)              size <10.95> substituted on input line 222.


LaTeX Font Warning: Font shape `OT1/cmr/bx/n' in size <10.5> not available
(Font)              size <10.95> substituted on input line 222.


Overfull \hbox (2.27953pt too wide) in paragraph at lines 225--241
[]\OT1/cmr/m/n/10 Structure of the 410 was eval-u-ated from the vol-ume frac-ti
on field $\OML/cmm/m/it/10 X$ \OT1/cmr/m/n/10 along ver-ti- 
 []


Overfull \hbox (8.40448pt too wide) in paragraph at lines 225--241
\OT1/cmr/m/n/10 cal pro-files that in-ter-sected ei-ther: 1) the widest phase t
ran-si-tion zone or 2) the largest 
 []


Overfull \hbox (20.32132pt too wide) in paragraph at lines 225--241
\OT1/cmr/m/n/10 dis-place-ment of the olivine $\OMS/cmsy/m/n/10 ,$ \OT1/cmr/m/n
/10 wad-s-leyite re-ac-tion found within model do-main. The phase 
 []


Overfull \hbox (7.25168pt too wide) in paragraph at lines 225--241
\OT1/cmr/m/n/10 tran-si-tion zone width was de-fined as the dif-fer-ence be-twe
en the depths at $\OML/cmm/m/it/10 X$ \OT1/cmr/m/n/10 = 0.9 and 
 []


Overfull \hbox (1.39056pt too wide) in paragraph at lines 225--241
\OML/cmm/m/it/10 X$ \OT1/cmr/m/n/10 = 0.1, while the olivine $\OMS/cmsy/m/n/10 
,$ \OT1/cmr/m/n/10 wad-s-leyite re-ac-tion dis-place-ment was de-fined as the o
ff- 
 []


Overfull \hbox (10.41841pt too wide) in paragraph at lines 225--241
\OT1/cmr/m/n/10 set be-tween the nom-i-nal equi-lib-rium re-ac-tion depth and t
he depth at $\OML/cmm/m/it/10 X$ \OT1/cmr/m/n/10 = 0.9. The ex- 
 []


Overfull \hbox (14.5712pt too wide) in paragraph at lines 225--241
\OT1/cmr/m/n/10 act ver-ti-cal pro-file po-si-tion was cho-sen heuris-ti-cally 
by ``best fit'' cri-te-ria based on struc- 
 []


Overfull \hbox (19.89064pt too wide) in paragraph at lines 225--241
\OT1/cmr/m/n/10 tural char-ac-ter-is-tics of the phase tran-si-tion zone. The m
ax-i-mum re-ac-tion rate $[]$ and ver- 
 []


Overfull \hbox (10.54697pt too wide) in paragraph at lines 225--241
\OT1/cmr/m/n/10 ti-cal ve-loc-ity $[]$ were eval-u-ated along the se-lected ver
-ti-cal pro-file, within the up-per and 
 []


Overfull \hbox (11.82127pt too wide) in paragraph at lines 225--241
\OT1/cmr/m/n/10 lower bounds of the phase tran-si-tion zone, af-ter 100 Ma of e
vo-lu-tion. Se-lected ex-am-ples 
 []

[2

]
<../figs/simulation/compositions/slab-Z3.0e0-B4-Z4.7e2-B4-Z7.0e7-B4-set1-compos
ition-0010.png, id=22, 5781.6pt x 5260.65375pt>
File: ../figs/simulation/compositions/slab-Z3.0e0-B4-Z4.7e2-B4-Z7.0e7-B4-set1-c
omposition-0010.png Graphic file (type png)
<use ../figs/simulation/compositions/slab-Z3.0e0-B4-Z4.7e2-B4-Z7.0e7-B4-set1-co
mposition-0010.png>
Package pdftex.def Info: ../figs/simulation/compositions/slab-Z3.0e0-B4-Z4.7e2-
B4-Z7.0e7-B4-set1-composition-0010.png  used on input line 246.
(pdftex.def)             Requested size: 397.43109pt x 361.6209pt.

Underfull \hbox (badness 10000) in paragraph at lines 255--255
[]\OT1/cmr/m/n/10 Figure  1: |Slab sim-u-la-tions with in-ter-me-di-ate strengt
h con-trasts ($\OML/cmm/m/it/10 B$ \OT1/cmr/m/n/10 = 4) demon-strat-
 []


Underfull \hbox (badness 10000) in paragraph at lines 255--255
\OT1/cmr/m/n/10 ing ultra-sluggish (top row: $\OML/cmm/m/it/10 Z$ \OT1/cmr/m/n/
10 = 3.0e0 K s$[]$), in-ter-me-di-ate (mid-dle row: $\OML/cmm/m/it/10 Z$ \OT1/c
mr/m/n/10 = 4.7e2 K
 []


Underfull \hbox (badness 10000) in paragraph at lines 255--255
\OT1/cmr/m/n/10 s$[]$), and quasi-equilibrium (bot-tom row: $\OML/cmm/m/it/10 Z
$ \OT1/cmr/m/n/10 = 7.0e7 K s$[]$) ki-netic regimes af-ter 100 Ma
 []


Underfull \hbox (badness 10000) in paragraph at lines 255--255
\OT1/cmr/m/n/10 evo-lu-tion. Pan-els show dy-namic tem-per-a-ture $[]$ (left co
l-umn), re-ac-tion rate $[]$ (mid-dle
 []


Underfull \hbox (badness 10000) in paragraph at lines 255--255
\OT1/cmr/m/n/10 col-umn), and vol-ume frac-tion of wad-s-leyite $\OML/cmm/m/it/
10 X$ \OT1/cmr/m/n/10 (right col-umn). Thin black lines in-di-cate
 []


Underfull \hbox (badness 10000) in paragraph at lines 255--255
\OT1/cmr/m/n/10 the ver-ti-cal pro-file and depth bounds for mea-sur-ing 410 st
ruc-ture (width and dis-place-
 []

[3 </Users/bck/Working/kerswell_et_al_dynp/draft/../figs/simulation/composition
s/slab-Z3.0e0-B4-Z4.7e2-B4-Z7.0e7-B4-set1-composition-0010.png>]
<../figs/simulation/compositions/plume-Z3.0e0-B4-Z4.7e2-B4-Z7.0e7-B4-set1-compo
sition-0010.png, id=27, 5781.6pt x 5260.65375pt>
File: ../figs/simulation/compositions/plume-Z3.0e0-B4-Z4.7e2-B4-Z7.0e7-B4-set1-
composition-0010.png Graphic file (type png)
<use ../figs/simulation/compositions/plume-Z3.0e0-B4-Z4.7e2-B4-Z7.0e7-B4-set1-c
omposition-0010.png>
Package pdftex.def Info: ../figs/simulation/compositions/plume-Z3.0e0-B4-Z4.7e2
-B4-Z7.0e7-B4-set1-composition-0010.png  used on input line 262.
(pdftex.def)             Requested size: 397.43109pt x 361.6209pt.

Underfull \hbox (badness 10000) in paragraph at lines 271--271
[]\OT1/cmr/m/n/10 Figure  2: |Plume sim-u-la-tions with in-ter-me-di-ate streng
th con-trasts ($\OML/cmm/m/it/10 B$ \OT1/cmr/m/n/10 = 4) demon-strat-
 []


Underfull \hbox (badness 10000) in paragraph at lines 271--271
\OT1/cmr/m/n/10 ing ultra-sluggish (top row: $\OML/cmm/m/it/10 Z$ \OT1/cmr/m/n/
10 = 3.0e0 K s$[]$), in-ter-me-di-ate (mid-dle row: $\OML/cmm/m/it/10 Z$ \OT1/c
mr/m/n/10 = 4.7e2 K
 []


Underfull \hbox (badness 10000) in paragraph at lines 271--271
\OT1/cmr/m/n/10 s$[]$), and quasi-equilibrium (bot-tom row: $\OML/cmm/m/it/10 Z
$ \OT1/cmr/m/n/10 = 7.0e7 K s$[]$) ki-netic regimes af-ter 100 Ma
 []


Underfull \hbox (badness 10000) in paragraph at lines 271--271
\OT1/cmr/m/n/10 evo-lu-tion. Pan-els show dy-namic tem-per-a-ture $[]$ (left co
l-umn), re-ac-tion rate $[]$ (mid-dle
 []


Underfull \hbox (badness 10000) in paragraph at lines 271--271
\OT1/cmr/m/n/10 col-umn), and vol-ume frac-tion of wad-s-leyite $\OML/cmm/m/it/
10 X$ \OT1/cmr/m/n/10 (right col-umn). Thin black lines in-di-cate
 []


Underfull \hbox (badness 10000) in paragraph at lines 271--271
\OT1/cmr/m/n/10 the ver-ti-cal pro-file and depth bounds for mea-sur-ing 410 st
ruc-ture (width and dis-place-
 []

[4 </Users/bck/Working/kerswell_et_al_dynp/draft/../figs/simulation/composition
s/plume-Z3.0e0-B4-Z4.7e2-B4-Z7.0e7-B4-set1-composition-0010.png>]
Underfull \hbox (badness 10000) in paragraph at lines 290--290
[]\OT1/cmr/m/n/10 Table 1: |Sum-mary of the ki-netic pref-ac-tor $\OML/cmm/m/it
/10 Z$\OT1/cmr/m/n/10 , rhe-o-log-i-cal ac-ti-va-tion fac-tor $\OML/cmm/m/it/10
 B$\OT1/cmr/m/n/10 , 410 struc-
 []


Underfull \hbox (badness 10000) in paragraph at lines 290--290
\OT1/cmr/m/n/10 ture (dis-place-ment and width), max-i-mum ver-ti-cal ve-loc-it
y $[]$, and max-i-mum re-ac-tion rate
 []


Underfull \hbox (badness 10000) in paragraph at lines 290--290
[]$ \OT1/cmr/m/n/10 eval-u-ated in plume and slab sim-u-la-tions af-ter 100 Ma 
of evo-lu-tion. Units are $\OML/cmm/m/it/10 Z$\OT1/cmr/m/n/10 : K s$[]$,
 []


Overfull \hbox (1.37689pt too wide) in paragraph at lines 293--294
[]\OT1/cmr/m/n/10 Simulation  
 []


Overfull \hbox (6.4491pt too wide) in paragraph at lines 299--300
 []\OT1/cmr/m/n/10 Displacement
 []


Overfull \hbox (1.37689pt too wide) in paragraph at lines 311--312
[]\OT1/cmr/m/n/10 Simulation  
 []


Overfull \hbox (6.4491pt too wide) in paragraph at lines 317--318
 []\OT1/cmr/m/n/10 Displacement
 []

ignored error: Infinite glue shrinkage found in box being split [5



]
ignored error: Infinite glue shrinkage found in box being split [6]
ignored error: Infinite glue shrinkage found in box being split [7]
ignored error: Infinite glue shrinkage found in box being split [8]
ignored error: Infinite glue shrinkage found in box being split [9]
ignored error: Infinite glue shrinkage found in box being split [10] [11]
[12

]
<../figs/simulation/compositions/slab-Z3.0e0-B2-Z3.0e0-B6-Z3.0e0-B10-set2-compo
sition-0010.png, id=56, 5781.6pt x 5260.65375pt>
File: ../figs/simulation/compositions/slab-Z3.0e0-B2-Z3.0e0-B6-Z3.0e0-B10-set2-
composition-0010.png Graphic file (type png)
<use ../figs/simulation/compositions/slab-Z3.0e0-B2-Z3.0e0-B6-Z3.0e0-B10-set2-c
omposition-0010.png>
Package pdftex.def Info: ../figs/simulation/compositions/slab-Z3.0e0-B2-Z3.0e0-
B6-Z3.0e0-B10-set2-composition-0010.png  used on input line 556.
(pdftex.def)             Requested size: 397.43109pt x 361.6209pt.

Underfull \hbox (badness 10000) in paragraph at lines 564--564
[]\OT1/cmr/m/n/10 Figure  3: |Slab sim-u-la-tions with low strength con-trasts 
($\OML/cmm/m/it/10 B$ \OT1/cmr/m/n/10 = 2) demon-strat-ing ultra-
 []


Underfull \hbox (badness 10000) in paragraph at lines 564--564
\OT1/cmr/m/n/10 sluggish (top row: $\OML/cmm/m/it/10 Z$ \OT1/cmr/m/n/10 = 3.0e0
 K s$[]$), in-ter-me-di-ate (mid-dle row: $\OML/cmm/m/it/10 Z$ \OT1/cmr/m/n/10 
= 4.7e2 K s$[]$), and
 []


Underfull \hbox (badness 10000) in paragraph at lines 564--564
\OT1/cmr/m/n/10 quasi-equilibrium (bot-tom row: $\OML/cmm/m/it/10 Z$ \OT1/cmr/m
/n/10 = 7.0e7 K s$[]$) ki-netic regimes af-ter 100 Ma evo-lu-tion.
 []


Underfull \hbox (badness 10000) in paragraph at lines 564--564
\OT1/cmr/m/n/10 Pan-els show dy-namic tem-per-a-ture $[]$ (left col-umn), dy-na
mic den-sity $[]$ (mid-dle col-umn),
 []

[13 </Users/bck/Working/kerswell_et_al_dynp/draft/../figs/simulation/compositio
ns/slab-Z3.0e0-B2-Z3.0e0-B6-Z3.0e0-B10-set2-composition-0010.png>]
<../figs/simulation/compositions/slab-Z3.0e0-B4-Z4.7e2-B4-Z7.0e7-B4-set2-compos
ition-0010.png, id=61, 5781.6pt x 5260.65375pt>
File: ../figs/simulation/compositions/slab-Z3.0e0-B4-Z4.7e2-B4-Z7.0e7-B4-set2-c
omposition-0010.png Graphic file (type png)
<use ../figs/simulation/compositions/slab-Z3.0e0-B4-Z4.7e2-B4-Z7.0e7-B4-set2-co
mposition-0010.png>
Package pdftex.def Info: ../figs/simulation/compositions/slab-Z3.0e0-B4-Z4.7e2-
B4-Z7.0e7-B4-set2-composition-0010.png  used on input line 571.
(pdftex.def)             Requested size: 397.43109pt x 361.6209pt.

Underfull \hbox (badness 10000) in paragraph at lines 579--579
[]\OT1/cmr/m/n/10 Figure  4: |Slab sim-u-la-tions with in-ter-me-di-ate strengt
h con-trasts ($\OML/cmm/m/it/10 B$ \OT1/cmr/m/n/10 = 4) show-ing ultra-
 []


Underfull \hbox (badness 10000) in paragraph at lines 579--579
\OT1/cmr/m/n/10 sluggish (top row: $\OML/cmm/m/it/10 Z$ \OT1/cmr/m/n/10 = 3.0e0
 K s$[]$), in-ter-me-di-ate (mid-dle row: $\OML/cmm/m/it/10 Z$ \OT1/cmr/m/n/10 
= 4.7e2 K s$[]$), and
 []


Underfull \hbox (badness 10000) in paragraph at lines 579--579
\OT1/cmr/m/n/10 quasi-equilibrium (bot-tom row: $\OML/cmm/m/it/10 Z$ \OT1/cmr/m
/n/10 = 7.0e7 K s$[]$) ki-netic regimes af-ter 100 Ma evo-lu-tion.
 []


Underfull \hbox (badness 10000) in paragraph at lines 579--579
\OT1/cmr/m/n/10 Pan-els show dy-namic tem-per-a-ture $[]$ (left col-umn), dy-na
mic den-sity $[]$ (mid-dle col-umn),
 []

[14 </Users/bck/Working/kerswell_et_al_dynp/draft/../figs/simulation/compositio
ns/slab-Z3.0e0-B4-Z4.7e2-B4-Z7.0e7-B4-set2-composition-0010.png>]
<../figs/simulation/compositions/slab-Z4.7e2-B2-Z4.7e2-B6-Z4.7e2-B10-set2-compo
sition-0010.png, id=65, 5781.6pt x 5260.65375pt>
File: ../figs/simulation/compositions/slab-Z4.7e2-B2-Z4.7e2-B6-Z4.7e2-B10-set2-
composition-0010.png Graphic file (type png)
<use ../figs/simulation/compositions/slab-Z4.7e2-B2-Z4.7e2-B6-Z4.7e2-B10-set2-c
omposition-0010.png>
Package pdftex.def Info: ../figs/simulation/compositions/slab-Z4.7e2-B2-Z4.7e2-
B6-Z4.7e2-B10-set2-composition-0010.png  used on input line 586.
(pdftex.def)             Requested size: 397.43109pt x 361.6209pt.

Underfull \hbox (badness 10000) in paragraph at lines 594--594
[]\OT1/cmr/m/n/10 Figure  5: |Slab sim-u-la-tions with in-ter-me-di-ate strengt
h con-trasts ($\OML/cmm/m/it/10 B$ \OT1/cmr/m/n/10 = 6) demon-strat-ing
 []


Underfull \hbox (badness 10000) in paragraph at lines 594--594
\OT1/cmr/m/n/10 ultra-sluggish (top row: $\OML/cmm/m/it/10 Z$ \OT1/cmr/m/n/10 =
 4.7e2 K s$[]$), in-ter-me-di-ate (mid-dle row: $\OML/cmm/m/it/10 Z$ \OT1/cmr/m
/n/10 = 4.7e2 K s$[]$),
 []


Underfull \hbox (badness 10000) in paragraph at lines 594--594
\OT1/cmr/m/n/10 and quasi-equilibrium (bot-tom row: $\OML/cmm/m/it/10 Z$ \OT1/c
mr/m/n/10 = 7.0e7 K s$[]$) ki-netic regimes af-ter 100 Ma evo-
 []


Underfull \hbox (badness 10000) in paragraph at lines 594--594
\OT1/cmr/m/n/10 lu-tion. Pan-els show dy-namic tem-per-a-ture $[]$ (left col-um
n), dy-namic den-sity $[]$ (mid-dle
 []

[15 </Users/bck/Working/kerswell_et_al_dynp/draft/../figs/simulation/compositio
ns/slab-Z4.7e2-B2-Z4.7e2-B6-Z4.7e2-B10-set2-composition-0010.png>]
<../figs/simulation/compositions/slab-Z7.0e7-B2-Z7.0e7-B6-Z7.0e7-B10-set2-compo
sition-0010.png, id=69, 5781.6pt x 5260.65375pt>
File: ../figs/simulation/compositions/slab-Z7.0e7-B2-Z7.0e7-B6-Z7.0e7-B10-set2-
composition-0010.png Graphic file (type png)
<use ../figs/simulation/compositions/slab-Z7.0e7-B2-Z7.0e7-B6-Z7.0e7-B10-set2-c
omposition-0010.png>
Package pdftex.def Info: ../figs/simulation/compositions/slab-Z7.0e7-B2-Z7.0e7-
B6-Z7.0e7-B10-set2-composition-0010.png  used on input line 601.
(pdftex.def)             Requested size: 397.43109pt x 361.6209pt.

Underfull \hbox (badness 10000) in paragraph at lines 609--609
[]\OT1/cmr/m/n/10 Figure  6: |Slab sim-u-la-tions with high strength con-trasts
 ($\OML/cmm/m/it/10 B$ \OT1/cmr/m/n/10 = 10) demon-strat-ing ultra-
 []


Underfull \hbox (badness 10000) in paragraph at lines 609--609
\OT1/cmr/m/n/10 sluggish (top row: $\OML/cmm/m/it/10 Z$ \OT1/cmr/m/n/10 = 7.0e7
 K s$[]$), in-ter-me-di-ate (mid-dle row: $\OML/cmm/m/it/10 Z$ \OT1/cmr/m/n/10 
= 4.7e2 K s$[]$), and
 []


Underfull \hbox (badness 10000) in paragraph at lines 609--609
\OT1/cmr/m/n/10 quasi-equilibrium (bot-tom row: $\OML/cmm/m/it/10 Z$ \OT1/cmr/m
/n/10 = 7.0e7 K s$[]$) ki-netic regimes af-ter 100 Ma evo-lu-tion.
 []


Underfull \hbox (badness 10000) in paragraph at lines 609--609
\OT1/cmr/m/n/10 Pan-els show dy-namic tem-per-a-ture $[]$ (left col-umn), dy-na
mic den-sity $[]$ (mid-dle col-umn),
 []

[16 </Users/bck/Working/kerswell_et_al_dynp/draft/../figs/simulation/compositio
ns/slab-Z7.0e7-B2-Z7.0e7-B6-Z7.0e7-B10-set2-composition-0010.png>]
<../figs/simulation/compositions/plume-Z3.0e0-B2-Z3.0e0-B6-Z3.0e0-B10-set2-comp
osition-0010.png, id=73, 5781.6pt x 5260.65375pt>
File: ../figs/simulation/compositions/plume-Z3.0e0-B2-Z3.0e0-B6-Z3.0e0-B10-set2
-composition-0010.png Graphic file (type png)
<use ../figs/simulation/compositions/plume-Z3.0e0-B2-Z3.0e0-B6-Z3.0e0-B10-set2-
composition-0010.png>
Package pdftex.def Info: ../figs/simulation/compositions/plume-Z3.0e0-B2-Z3.0e0
-B6-Z3.0e0-B10-set2-composition-0010.png  used on input line 616.
(pdftex.def)             Requested size: 397.43109pt x 361.6209pt.

Underfull \hbox (badness 10000) in paragraph at lines 624--624
[]\OT1/cmr/m/n/10 Figure  7: |Plume sim-u-la-tions with low strength con-trasts
 ($\OML/cmm/m/it/10 B$ \OT1/cmr/m/n/10 = 2) demon-strat-ing ultra-
 []


Underfull \hbox (badness 10000) in paragraph at lines 624--624
\OT1/cmr/m/n/10 sluggish (top row: $\OML/cmm/m/it/10 Z$ \OT1/cmr/m/n/10 = 3.0e0
 K s$[]$), in-ter-me-di-ate (mid-dle row: $\OML/cmm/m/it/10 Z$ \OT1/cmr/m/n/10 
= 4.7e2 K s$[]$), and
 []


Underfull \hbox (badness 10000) in paragraph at lines 624--624
\OT1/cmr/m/n/10 quasi-equilibrium (bot-tom row: $\OML/cmm/m/it/10 Z$ \OT1/cmr/m
/n/10 = 7.0e7 K s$[]$) ki-netic regimes af-ter 100 Ma evo-lu-tion.
 []


Underfull \hbox (badness 10000) in paragraph at lines 624--624
\OT1/cmr/m/n/10 Pan-els show dy-namic tem-per-a-ture $[]$ (left col-umn), dy-na
mic den-sity $[]$ (mid-dle col-umn),
 []

[17 </Users/bck/Working/kerswell_et_al_dynp/draft/../figs/simulation/compositio
ns/plume-Z3.0e0-B2-Z3.0e0-B6-Z3.0e0-B10-set2-composition-0010.png>]
<../figs/simulation/compositions/plume-Z3.0e0-B4-Z4.7e2-B4-Z7.0e7-B4-set2-compo
sition-0010.png, id=77, 5781.6pt x 5260.65375pt>
File: ../figs/simulation/compositions/plume-Z3.0e0-B4-Z4.7e2-B4-Z7.0e7-B4-set2-
composition-0010.png Graphic file (type png)
<use ../figs/simulation/compositions/plume-Z3.0e0-B4-Z4.7e2-B4-Z7.0e7-B4-set2-c
omposition-0010.png>
Package pdftex.def Info: ../figs/simulation/compositions/plume-Z3.0e0-B4-Z4.7e2
-B4-Z7.0e7-B4-set2-composition-0010.png  used on input line 631.
(pdftex.def)             Requested size: 397.43109pt x 361.6209pt.

Underfull \hbox (badness 10000) in paragraph at lines 639--639
[]\OT1/cmr/m/n/10 Figure  8: |Plume sim-u-la-tions with in-ter-me-di-ate streng
th con-trasts ($\OML/cmm/m/it/10 B$ \OT1/cmr/m/n/10 = 4) show-ing ultra-
 []


Underfull \hbox (badness 10000) in paragraph at lines 639--639
\OT1/cmr/m/n/10 sluggish (top row: $\OML/cmm/m/it/10 Z$ \OT1/cmr/m/n/10 = 3.0e0
 K s$[]$), intermediate-sluggish (mid-dle row: $\OML/cmm/m/it/10 Z$ \OT1/cmr/m/
n/10 = 4.7e2 K
 []


Underfull \hbox (badness 10000) in paragraph at lines 639--639
\OT1/cmr/m/n/10 s$[]$), and quasi-equilibrium (bot-tom row: $\OML/cmm/m/it/10 Z
$ \OT1/cmr/m/n/10 = 7.0e7 K s$[]$) ki-netic regimes af-ter 100 Ma
 []


Underfull \hbox (badness 10000) in paragraph at lines 639--639
\OT1/cmr/m/n/10 evo-lu-tion. Pan-els show dy-namic tem-per-a-ture $[]$ (left co
l-umn), dy-namic den-sity $[]$ (mid-dle
 []

[18 </Users/bck/Working/kerswell_et_al_dynp/draft/../figs/simulation/compositio
ns/plume-Z3.0e0-B4-Z4.7e2-B4-Z7.0e7-B4-set2-composition-0010.png>]
<../figs/simulation/compositions/plume-Z4.7e2-B2-Z4.7e2-B6-Z4.7e2-B10-set2-comp
osition-0010.png, id=81, 5781.6pt x 5260.65375pt>
File: ../figs/simulation/compositions/plume-Z4.7e2-B2-Z4.7e2-B6-Z4.7e2-B10-set2
-composition-0010.png Graphic file (type png)
<use ../figs/simulation/compositions/plume-Z4.7e2-B2-Z4.7e2-B6-Z4.7e2-B10-set2-
composition-0010.png>
Package pdftex.def Info: ../figs/simulation/compositions/plume-Z4.7e2-B2-Z4.7e2
-B6-Z4.7e2-B10-set2-composition-0010.png  used on input line 646.
(pdftex.def)             Requested size: 397.43109pt x 361.6209pt.

Underfull \hbox (badness 10000) in paragraph at lines 654--654
[]\OT1/cmr/m/n/10 Figure  9: |Plume sim-u-la-tions with in-ter-me-di-ate streng
th con-trasts ($\OML/cmm/m/it/10 B$ \OT1/cmr/m/n/10 = 6) demon-strat-
 []


Underfull \hbox (badness 10000) in paragraph at lines 654--654
\OT1/cmr/m/n/10 ing ultra-sluggish (top row: $\OML/cmm/m/it/10 Z$ \OT1/cmr/m/n/
10 = 4.7e2 K s$[]$), in-ter-me-di-ate (mid-dle row: $\OML/cmm/m/it/10 Z$ \OT1/c
mr/m/n/10 = 4.7e2 K
 []


Underfull \hbox (badness 10000) in paragraph at lines 654--654
\OT1/cmr/m/n/10 s$[]$), and quasi-equilibrium (bot-tom row: $\OML/cmm/m/it/10 Z
$ \OT1/cmr/m/n/10 = 7.0e7 K s$[]$) ki-netic regimes af-ter 100 Ma
 []


Underfull \hbox (badness 10000) in paragraph at lines 654--654
\OT1/cmr/m/n/10 evo-lu-tion. Pan-els show dy-namic tem-per-a-ture $[]$ (left co
l-umn), dy-namic den-sity $[]$ (mid-dle
 []

[19 </Users/bck/Working/kerswell_et_al_dynp/draft/../figs/simulation/compositio
ns/plume-Z4.7e2-B2-Z4.7e2-B6-Z4.7e2-B10-set2-composition-0010.png>]
<../figs/simulation/compositions/plume-Z7.0e7-B2-Z7.0e7-B6-Z7.0e7-B10-set2-comp
osition-0010.png, id=86, 5781.6pt x 5260.65375pt>
File: ../figs/simulation/compositions/plume-Z7.0e7-B2-Z7.0e7-B6-Z7.0e7-B10-set2
-composition-0010.png Graphic file (type png)
<use ../figs/simulation/compositions/plume-Z7.0e7-B2-Z7.0e7-B6-Z7.0e7-B10-set2-
composition-0010.png>
Package pdftex.def Info: ../figs/simulation/compositions/plume-Z7.0e7-B2-Z7.0e7
-B6-Z7.0e7-B10-set2-composition-0010.png  used on input line 661.
(pdftex.def)             Requested size: 397.43109pt x 361.6209pt.

Underfull \hbox (badness 10000) in paragraph at lines 669--669
[]\OT1/cmr/m/n/10 Figure  10: |Plume sim-u-la-tions with high strength con-tras
ts ($\OML/cmm/m/it/10 B$ \OT1/cmr/m/n/10 = 10) demon-strat-ing ultra-
 []


Underfull \hbox (badness 10000) in paragraph at lines 669--669
\OT1/cmr/m/n/10 sluggish (top row: $\OML/cmm/m/it/10 Z$ \OT1/cmr/m/n/10 = 7.0e7
 K s$[]$), in-ter-me-di-ate (mid-dle row: $\OML/cmm/m/it/10 Z$ \OT1/cmr/m/n/10 
= 4.7e2 K s$[]$), and
 []


Underfull \hbox (badness 10000) in paragraph at lines 669--669
\OT1/cmr/m/n/10 quasi-equilibrium (bot-tom row: $\OML/cmm/m/it/10 Z$ \OT1/cmr/m
/n/10 = 7.0e7 K s$[]$) ki-netic regimes af-ter 100 Ma evo-lu-tion.
 []


Underfull \hbox (badness 10000) in paragraph at lines 669--669
\OT1/cmr/m/n/10 Pan-els show dy-namic tem-per-a-ture $[]$ (left col-umn), dy-na
mic den-sity $[]$ (mid-dle col-umn),
 []

[20 </Users/bck/Working/kerswell_et_al_dynp/draft/../figs/simulation/compositio
ns/plume-Z7.0e7-B2-Z7.0e7-B6-Z7.0e7-B10-set2-composition-0010.png>]
(/Users/bck/Working/kerswell_et_al_dynp/draft/supplementary-information.bbl

Package natbib Warning: Empty `thebibliography' environment on input line 3.

) [21









]
(/Users/bck/Working/kerswell_et_al_dynp/draft/supplementary-information.aux)
 ***********
LaTeX2e <2025-11-01>
L3 programming layer <2025-11-06>
 ***********


LaTeX Font Warning: Size substitutions with differences
(Font)              up to 0.45pt have occurred.

 ) 
Here is how much of TeX's memory you used:
 6646 strings out of 469010
 116836 string characters out of 5454854
 781201 words of memory out of 5000000
 35242 multiletter control sequences out of 15000+600000
 632595 words of font info for 57 fonts, out of 8000000 for 9000
 325 hyphenation exceptions out of 8191
 85i,10n,93p,931b,390s stack positions out of 10000i,1000n,20000p,200000b,200000s
</usr/local/texlive/2025basic/texmf-dist/fonts/type1/public/amsfonts/cm/cmbx1
0.pfb></usr/local/texlive/2025basic/texmf-dist/fonts/type1/public/amsfonts/cm/c
mbx12.pfb></usr/local/texlive/2025basic/texmf-dist/fonts/type1/public/amsfonts/
cm/cmmi10.pfb></usr/local/texlive/2025basic/texmf-dist/fonts/type1/public/amsfo
nts/cm/cmmi7.pfb></usr/local/texlive/2025basic/texmf-dist/fonts/type1/public/am
sfonts/cm/cmr10.pfb></usr/local/texlive/2025basic/texmf-dist/fonts/type1/public
/amsfonts/cm/cmr6.pfb></usr/local/texlive/2025basic/texmf-dist/fonts/type1/publ
ic/amsfonts/cm/cmr7.pfb></usr/local/texlive/2025basic/texmf-dist/fonts/type1/pu
blic/amsfonts/cm/cmr8.pfb></usr/local/texlive/2025basic/texmf-dist/fonts/type1/
public/amsfonts/cm/cmr9.pfb></usr/local/texlive/2025basic/texmf-dist/fonts/type
1/public/amsfonts/cm/cmss8.pfb></usr/local/texlive/2025basic/texmf-dist/fonts/t
ype1/public/amsfonts/cm/cmsy10.pfb></usr/local/texlive/2025basic/texmf-dist/fon
ts/type1/public/amsfonts/cm/cmsy7.pfb></usr/local/texlive/2025basic/texmf-dist/
fonts/type1/public/amsfonts/cm/cmti9.pfb></usr/local/texlive/2025basic/texmf-di
st/fonts/type1/public/amsfonts/cm/cmtt9.pfb>
Output written on /Users/bck/Working/kerswell_et_al_dynp/draft/supplementary-in
formation.pdf (21 pages, 4528933 bytes).
PDF statistics:
 152 PDF objects out of 1000 (max. 8388607)
 90 compressed objects within 1 object stream
 0 named destinations out of 1000 (max. 500000)
 51 words of extra memory for PDF output out of 10000 (max. 10000000)

